"Small Green Device" = 2
"Round White Device" = 15
"Small Yellow Device" = 14
"Grey Rounded Box" = 7
"Small Black Disc" = 8
"Small Ball" = 1
"Small Grey Box" = 7
"Small Red Device" = 4
"Small Cylinder" = 3
"Small Brown Device" = 6
"Small Tetrahedron" = 5
"Black Box With Button" = 8
"Small Electronic Device" = 3
"Strange Small Disc" = 5
"Small Grey Torus" = 7
"Small Metal Ball" = 11
"Shiny Metal Cylinder" = 15
"Small Cuboid" = 9
"Small Rounded Cuboid" = 11
"Unknown Grenade" = 7
"Small Ball With Handle" = 11
"Black Plastic Egg" = 8
"White Stick With Switch" = 15
"Shiny Cube" = 15